[09-Jan-2025 21:24:42 UTC] Content 
[09-Jan-2025 21:32:35 UTC] Content 
[10-Jan-2025 00:08:09 UTC] pdf_file : 
[10-Jan-2025 00:08:09 UTC] C:\wamp64\www\pesgweb_a/wp-content/uploads/send_pdf/new_web_claim_20250109-200756_bkl5.pdf
[10-Jan-2025 00:08:09 UTC] array_attachment_file : 
[10-Jan-2025 00:08:09 UTC] Array
(
    [0] => C:\wamp64\www\pesgweb_a/wp-content/uploads/send_pdf/new_web_claim_20250109-200756_bkl5.pdf
    [1] => C:\wamp64\www\pesgweb_a/wp-content/uploads/attachments/upload-files-temp_cb8d7641d2606f23/luz9__20250110-000652.pdf
)

[10-Jan-2025 00:19:35 UTC] pdf_file : 
[10-Jan-2025 00:19:35 UTC] C:\wamp64\www\pesgweb_a/wp-content/uploads/send_pdf/new_web_claim_20250109-201933_3roh.pdf
[10-Jan-2025 00:19:35 UTC] array_attachment_file : 
[10-Jan-2025 00:19:35 UTC] Array
(
    [0] => C:\wamp64\www\pesgweb_a/wp-content/uploads/send_pdf/new_web_claim_20250109-201933_3roh.pdf
    [1] => C:\wamp64\www\pesgweb_a/wp-content/uploads/attachments/upload-files-temp_14d05e8a9967b7e4/luz13__20250110-001804.pdf
    [2] => C:\wamp64\www\pesgweb_a/wp-content/uploads/attachments/upload-files-temp_14d05e8a9967b7e4/luz3__20250110-001804.pdf
    [3] => C:\wamp64\www\pesgweb_a/wp-content/uploads/attachments/upload-files-temp_14d05e8a9967b7e4/luz4__20250110-001804.pdf
)

